<?xml version="1.0" encoding="UTF-8" ?>
<testsuite failures="0" time="22.003" errors="0" skipped="0" tests="5" name="InjectedTest">
  <properties>
[...]
</properties>
  <testcase time="0.478" classname="org.jvnet.hudson.test.JellyTestSuiteBuilder$JellyCheck" name="\/D:\/plugins\/log-parser\/target\/classes\/hudson\/plugins\/logparser\/LogParserAction\/index.jelly"/>
  <testcase time="0.031" classname="org.jvnet.hudson.test.JellyTestSuiteBuilder$JellyCheck" name="\/D:\/plugins\/log-parser\/target\/classes\/hudson\/plugins\/logparser\/LogParserAction\/summary.jelly"/>
  <testcase time="0.18" classname="org.jvnet.hudson.test.JellyTestSuiteBuilder$JellyCheck" name="\/D:\/plugins\/log-parser\/target\/classes\/hudson\/plugins\/logparser\/LogParserPublisher\/config.jelly"/>
  <testcase time="0.099" classname="org.jvnet.hudson.test.JellyTestSuiteBuilder$JellyCheck" name="\/D:\/plugins\/log-parser\/target\/classes\/hudson\/plugins\/logparser\/LogParserPublisher\/global.jelly"/>
  <testcase time="0" classname="org.jvnet.hudson.test.junit.FailedTest" name="org.jvnet.hudson.test.JellyTestSuiteBuilder$JellyTestSuite"/>
</testsuite>